2022-05-15 16:45:44,605 - INFO - Using device cuda
2022-05-15 16:45:44,698 - INFO - Network:
	NestedUNet model
	3 input channels
	3 output channels (classes)
	Bilinear upscaling
2022-05-15 16:45:47,878 - INFO - Creating dataset with 5970 examples
2022-05-15 16:45:47,880 - INFO - Starting training:
        Epochs:          100
        Batch size:      1
        Learning rate:   0.0001
        Optimizer:       SGD
        Training size:   5373
        Validation size: 597
        Checkpoints:     True
        Device:          cuda
        Images scaling:  0.5
    
2022-05-15 16:49:48,710 - INFO - Validation cross entropy: 1.0460642413977204
2022-05-15 16:53:19,523 - INFO - Validation cross entropy: 0.8221056786064727
2022-05-15 16:56:49,425 - INFO - Validation cross entropy: 0.8615935457311883
2022-05-15 17:00:19,139 - INFO - Validation cross entropy: 0.8261682175012489
2022-05-15 17:03:49,208 - INFO - Validation cross entropy: 0.8191009246224734
2022-05-15 17:07:19,160 - INFO - Validation cross entropy: 0.7913588071288775
2022-05-15 17:10:48,471 - INFO - Validation cross entropy: 0.8243549004621442
2022-05-15 17:14:18,026 - INFO - Validation cross entropy: 0.78820061763527
2022-05-15 17:17:47,546 - INFO - Validation cross entropy: 0.7759835527620124
2022-05-15 17:17:48,074 - INFO - Created checkpoints directory
2022-05-15 17:17:48,125 - INFO - Checkpoint 1 saved !
2022-05-15 17:21:47,756 - INFO - Validation cross entropy: 0.988517767470486
2022-05-15 17:25:17,409 - INFO - Validation cross entropy: 0.7583334299687364
2022-05-15 17:28:47,425 - INFO - Validation cross entropy: 0.7754975645186714
2022-05-15 17:32:17,189 - INFO - Validation cross entropy: 0.7537727392398732
2022-05-15 17:35:47,223 - INFO - Validation cross entropy: 0.7521740376599869
2022-05-15 17:39:17,323 - INFO - Validation cross entropy: 0.7482457441750483
2022-05-15 17:42:47,233 - INFO - Validation cross entropy: 0.7507255908781959
2022-05-15 17:46:17,328 - INFO - Validation cross entropy: 0.7432429703885387
2022-05-15 17:49:47,137 - INFO - Validation cross entropy: 0.7899006797840048
2022-05-15 17:49:47,569 - INFO - Checkpoint 2 saved !
2022-05-15 17:53:47,447 - INFO - Validation cross entropy: 0.922719220769665
2022-05-15 17:57:17,231 - INFO - Validation cross entropy: 0.7477491717142875
2022-05-15 18:00:46,985 - INFO - Validation cross entropy: 0.7604084361088735
2022-05-15 18:04:17,098 - INFO - Validation cross entropy: 0.7350518717687933
2022-05-15 18:07:47,031 - INFO - Validation cross entropy: 0.7479715009829906
2022-05-15 18:11:16,813 - INFO - Validation cross entropy: 0.740615214060499
2022-05-15 18:14:46,441 - INFO - Validation cross entropy: 0.7298915518488317
2022-05-15 18:18:16,412 - INFO - Validation cross entropy: 0.7359485981402485
2022-05-15 18:21:46,295 - INFO - Validation cross entropy: 0.7362763365509123
2022-05-15 18:21:46,706 - INFO - Checkpoint 3 saved !
2022-05-15 18:25:46,065 - INFO - Validation cross entropy: 0.8566217319400267
2022-05-15 18:29:16,112 - INFO - Validation cross entropy: 0.7161034130720637
2022-05-15 18:32:45,986 - INFO - Validation cross entropy: 0.7241923225235499
2022-05-15 18:36:15,612 - INFO - Validation cross entropy: 0.7375009428566225
2022-05-15 18:39:45,431 - INFO - Validation cross entropy: 0.7273006886743022
2022-05-15 18:43:15,733 - INFO - Validation cross entropy: 0.771547738656127
2022-05-15 18:46:45,498 - INFO - Validation cross entropy: 0.7390982379366206
2022-05-15 18:50:15,244 - INFO - Validation cross entropy: 0.7209613607756457
2022-05-15 18:53:45,076 - INFO - Validation cross entropy: 0.7209801129260455
2022-05-15 18:53:45,499 - INFO - Checkpoint 4 saved !
2022-05-15 18:57:44,990 - INFO - Validation cross entropy: 0.8365463294725323
2022-05-15 19:01:15,027 - INFO - Validation cross entropy: 0.7129833708755934
2022-05-15 19:04:44,590 - INFO - Validation cross entropy: 0.7056897938800617
2022-05-15 19:08:14,589 - INFO - Validation cross entropy: 0.7283638834803547
2022-05-15 19:11:44,249 - INFO - Validation cross entropy: 0.7285629496153075
2022-05-15 19:15:13,884 - INFO - Validation cross entropy: 0.7234024883714353
2022-05-15 19:18:43,319 - INFO - Validation cross entropy: 0.7468457541224146
2022-05-15 19:22:13,097 - INFO - Validation cross entropy: 0.7182660659703378
2022-05-15 19:25:42,741 - INFO - Validation cross entropy: 0.7032518524620401
2022-05-15 19:25:43,151 - INFO - Checkpoint 5 saved !
2022-05-15 19:29:42,592 - INFO - Validation cross entropy: 0.8411983796449961
2022-05-15 19:33:12,534 - INFO - Validation cross entropy: 0.7002026747469128
2022-05-15 19:36:42,247 - INFO - Validation cross entropy: 0.7036697946151896
2022-05-15 19:40:11,851 - INFO - Validation cross entropy: 0.7064566026680433
2022-05-15 19:43:41,593 - INFO - Validation cross entropy: 0.7231063269191051
2022-05-15 19:47:11,429 - INFO - Validation cross entropy: 0.7209039487980519
2022-05-15 19:50:41,058 - INFO - Validation cross entropy: 0.7312264775660768
2022-05-15 19:54:11,484 - INFO - Validation cross entropy: 0.697879963609042
2022-05-15 19:57:41,360 - INFO - Validation cross entropy: 0.7348532847174049
2022-05-15 19:57:41,756 - INFO - Checkpoint 6 saved !
2022-05-15 20:01:41,232 - INFO - Validation cross entropy: 0.7840343386284271
2022-05-15 20:05:11,060 - INFO - Validation cross entropy: 0.6917457239861464
2022-05-15 20:08:40,604 - INFO - Validation cross entropy: 0.7011515129251497
2022-05-15 20:12:10,573 - INFO - Validation cross entropy: 0.701503512597763
2022-05-15 20:15:40,360 - INFO - Validation cross entropy: 0.7214222003517039
2022-05-15 20:19:10,256 - INFO - Validation cross entropy: 0.6993128000641587
2022-05-15 20:22:40,184 - INFO - Validation cross entropy: 0.6937755709716823
2022-05-15 20:26:09,840 - INFO - Validation cross entropy: 0.7189650297963639
2022-05-15 20:29:39,871 - INFO - Validation cross entropy: 0.6966792987519174
2022-05-15 20:29:40,259 - INFO - Checkpoint 7 saved !
2022-05-15 20:33:39,764 - INFO - Validation cross entropy: 0.7974169285503064
2022-05-15 20:37:09,515 - INFO - Validation cross entropy: 0.6842217504778499
2022-05-15 20:40:39,119 - INFO - Validation cross entropy: 0.7125309044791626
2022-05-15 20:44:09,008 - INFO - Validation cross entropy: 0.7068603645317518
2022-05-15 20:47:38,551 - INFO - Validation cross entropy: 0.6991075445559356
2022-05-15 20:51:08,181 - INFO - Validation cross entropy: 0.7077980141843384
2022-05-15 20:54:37,684 - INFO - Validation cross entropy: 0.6938955758634324
2022-05-15 20:58:07,518 - INFO - Validation cross entropy: 0.7079031726024059
2022-05-15 21:01:37,292 - INFO - Validation cross entropy: 0.7004860154598003
2022-05-15 21:01:37,678 - INFO - Checkpoint 8 saved !
2022-05-15 21:05:37,224 - INFO - Validation cross entropy: 0.7689709298974106
2022-05-15 21:09:06,994 - INFO - Validation cross entropy: 0.6829184003461346
2022-05-15 21:12:36,858 - INFO - Validation cross entropy: 0.6919515188315406
2022-05-15 21:16:06,623 - INFO - Validation cross entropy: 0.687093396906677
2022-05-15 21:19:36,478 - INFO - Validation cross entropy: 0.6772016200737737
2022-05-15 21:23:06,631 - INFO - Validation cross entropy: 0.6805314714934558
2022-05-15 21:26:36,255 - INFO - Validation cross entropy: 0.6845858367643564
2022-05-15 21:30:05,781 - INFO - Validation cross entropy: 0.6803153034181052
2022-05-15 21:33:35,726 - INFO - Validation cross entropy: 0.6947649804441574
2022-05-15 21:33:36,118 - INFO - Checkpoint 9 saved !
2022-05-15 21:37:35,621 - INFO - Validation cross entropy: 0.7600220177740707
2022-05-15 21:41:05,391 - INFO - Validation cross entropy: 0.6806193873710569
2022-05-15 21:44:35,620 - INFO - Validation cross entropy: 0.715069921172444
2022-05-15 21:48:05,188 - INFO - Validation cross entropy: 0.6901657336471069
2022-05-15 21:51:34,825 - INFO - Validation cross entropy: 0.6913200676241512
2022-05-15 21:55:04,476 - INFO - Validation cross entropy: 0.6725937294301076
2022-05-15 21:58:34,224 - INFO - Validation cross entropy: 0.7025194618370465
2022-05-15 22:02:03,962 - INFO - Validation cross entropy: 0.695542569960182
2022-05-15 22:05:33,491 - INFO - Validation cross entropy: 0.6994642584118212
2022-05-15 22:05:33,886 - INFO - Checkpoint 10 saved !
2022-05-15 22:09:33,269 - INFO - Validation cross entropy: 0.7497423611943247
2022-05-15 22:13:03,276 - INFO - Validation cross entropy: 0.6755712724460828
2022-05-15 22:16:33,063 - INFO - Validation cross entropy: 0.6750719521562858
2022-05-15 22:20:02,792 - INFO - Validation cross entropy: 0.678146415644355
2022-05-15 22:23:32,394 - INFO - Validation cross entropy: 0.6852862702142852
2022-05-15 22:27:01,963 - INFO - Validation cross entropy: 0.6801788987875783
2022-05-15 22:30:31,480 - INFO - Validation cross entropy: 0.6730974700482846
2022-05-15 22:34:01,010 - INFO - Validation cross entropy: 0.692667176376036
2022-05-15 22:37:30,759 - INFO - Validation cross entropy: 0.6753636915829513
2022-05-15 22:37:31,162 - INFO - Checkpoint 11 saved !
2022-05-15 22:41:30,467 - INFO - Validation cross entropy: 0.7367266711827299
2022-05-15 22:45:00,226 - INFO - Validation cross entropy: 0.69103056164942
2022-05-15 22:48:29,885 - INFO - Validation cross entropy: 0.6793006067749244
2022-05-15 22:51:59,685 - INFO - Validation cross entropy: 0.671772750478294
2022-05-15 22:55:29,399 - INFO - Validation cross entropy: 0.6846025406415738
2022-05-15 22:58:59,093 - INFO - Validation cross entropy: 0.6817697332781962
2022-05-15 23:02:28,747 - INFO - Validation cross entropy: 0.696220041020232
2022-05-15 23:05:58,410 - INFO - Validation cross entropy: 0.6835427986117864
2022-05-15 23:09:28,050 - INFO - Validation cross entropy: 0.6778458877274739
2022-05-15 23:09:28,383 - INFO - Checkpoint 12 saved !
2022-05-15 23:13:28,075 - INFO - Validation cross entropy: 0.726772773780016
2022-05-15 23:16:57,803 - INFO - Validation cross entropy: 0.6780771310604996
2022-05-15 23:20:27,447 - INFO - Validation cross entropy: 0.6830933841578725
2022-05-15 23:23:57,220 - INFO - Validation cross entropy: 0.6856738480940536
2022-05-15 23:27:26,627 - INFO - Validation cross entropy: 0.6787717853309322
2022-05-15 23:30:55,969 - INFO - Validation cross entropy: 0.6862780706616902
2022-05-15 23:34:25,908 - INFO - Validation cross entropy: 0.6839939513597856
2022-05-15 23:37:55,463 - INFO - Validation cross entropy: 0.68027861099347
2022-05-15 23:41:25,062 - INFO - Validation cross entropy: 0.695835955054117
2022-05-15 23:41:25,463 - INFO - Checkpoint 13 saved !
2022-05-15 23:45:25,148 - INFO - Validation cross entropy: 0.7286384543481983
2022-05-15 23:48:54,875 - INFO - Validation cross entropy: 0.6828878318494688
2022-05-15 23:52:24,671 - INFO - Validation cross entropy: 0.6736215776834057
2022-05-15 23:55:54,680 - INFO - Validation cross entropy: 0.6713813446973835
2022-05-15 23:59:24,142 - INFO - Validation cross entropy: 0.7083351311072632
2022-05-16 00:02:53,714 - INFO - Validation cross entropy: 0.6767397443802912
2022-05-16 00:06:23,037 - INFO - Validation cross entropy: 0.6751528885246721
2022-05-16 00:09:52,642 - INFO - Validation cross entropy: 0.6718043440101135
2022-05-16 00:13:22,414 - INFO - Validation cross entropy: 0.6774876605176446
2022-05-16 00:13:22,832 - INFO - Checkpoint 14 saved !
2022-05-16 00:17:22,246 - INFO - Validation cross entropy: 0.7212946702986706
2022-05-16 00:20:51,679 - INFO - Validation cross entropy: 0.705488325887589
2022-05-16 00:24:21,694 - INFO - Validation cross entropy: 0.6782149560687131
2022-05-16 00:27:51,446 - INFO - Validation cross entropy: 0.6696992951571642
2022-05-16 00:31:21,181 - INFO - Validation cross entropy: 0.675122879133552
2022-05-16 00:34:51,008 - INFO - Validation cross entropy: 0.6867924281200971
2022-05-16 00:38:20,544 - INFO - Validation cross entropy: 0.6694185916502872
2022-05-16 00:41:50,435 - INFO - Validation cross entropy: 0.6778444659270633
2022-05-16 00:45:20,311 - INFO - Validation cross entropy: 0.670821698092336
2022-05-16 00:45:20,722 - INFO - Checkpoint 15 saved !
2022-05-16 00:49:20,262 - INFO - Validation cross entropy: 0.7213090858866821
2022-05-16 00:52:49,784 - INFO - Validation cross entropy: 0.6715166412256471
2022-05-16 00:56:19,266 - INFO - Validation cross entropy: 0.6685688371834044
2022-05-16 00:59:48,656 - INFO - Validation cross entropy: 0.6716466391056626
2022-05-16 01:03:18,390 - INFO - Validation cross entropy: 0.684445283570681
2022-05-16 01:06:48,083 - INFO - Validation cross entropy: 0.6647425005883228
2022-05-16 01:10:17,750 - INFO - Validation cross entropy: 0.6698479401306491
2022-05-16 01:13:47,312 - INFO - Validation cross entropy: 0.6784714258945168
2022-05-16 01:17:17,035 - INFO - Validation cross entropy: 0.6743778761108117
2022-05-16 01:17:17,429 - INFO - Checkpoint 16 saved !
2022-05-16 01:21:16,706 - INFO - Validation cross entropy: 0.7241622094483032
2022-05-16 01:24:46,305 - INFO - Validation cross entropy: 0.6693924740580858
2022-05-16 01:28:15,896 - INFO - Validation cross entropy: 0.6750058490826656
2022-05-16 01:31:45,436 - INFO - Validation cross entropy: 0.667554057123673
2022-05-16 01:35:15,119 - INFO - Validation cross entropy: 0.669328200757204
2022-05-16 01:38:44,477 - INFO - Validation cross entropy: 0.6666630057983063
2022-05-16 01:42:14,150 - INFO - Validation cross entropy: 0.6689189256136142
2022-05-16 01:45:43,730 - INFO - Validation cross entropy: 0.6687933906188962
2022-05-16 01:49:13,592 - INFO - Validation cross entropy: 0.6668417615756717
2022-05-16 01:49:13,992 - INFO - Checkpoint 17 saved !
2022-05-16 01:53:13,070 - INFO - Validation cross entropy: 0.7183076251841071
2022-05-16 01:56:42,522 - INFO - Validation cross entropy: 0.6865663660980349
2022-05-16 02:00:12,097 - INFO - Validation cross entropy: 0.6670059550996601
2022-05-16 02:03:41,791 - INFO - Validation cross entropy: 0.6731953887983383
2022-05-16 02:07:11,542 - INFO - Validation cross entropy: 0.6689874212346484
2022-05-16 02:10:41,066 - INFO - Validation cross entropy: 0.6685732797761659
2022-05-16 02:14:10,744 - INFO - Validation cross entropy: 0.6764451329732061
2022-05-16 02:17:40,505 - INFO - Validation cross entropy: 0.6734206506505085
2022-05-16 02:21:10,492 - INFO - Validation cross entropy: 0.6729198882178445
2022-05-16 02:21:10,908 - INFO - Checkpoint 18 saved !
2022-05-16 02:25:10,643 - INFO - Validation cross entropy: 0.7205474617543133
2022-05-16 02:28:40,203 - INFO - Validation cross entropy: 0.6891607196137334
2022-05-16 02:32:10,207 - INFO - Validation cross entropy: 0.6755077834654494
2022-05-16 02:35:39,689 - INFO - Validation cross entropy: 0.6638579462690769
2022-05-16 02:39:09,248 - INFO - Validation cross entropy: 0.6697398756367078
2022-05-16 02:42:38,878 - INFO - Validation cross entropy: 0.6664367937662294
2022-05-16 02:46:08,793 - INFO - Validation cross entropy: 0.6728550138535412
2022-05-16 02:49:38,566 - INFO - Validation cross entropy: 0.6712220386045062
2022-05-16 02:53:08,120 - INFO - Validation cross entropy: 0.6749009370454392
2022-05-16 02:53:08,520 - INFO - Checkpoint 19 saved !
2022-05-16 02:57:07,885 - INFO - Validation cross entropy: 0.7185409458687957
2022-05-16 03:00:37,482 - INFO - Validation cross entropy: 0.6832495609320188
2022-05-16 03:04:07,137 - INFO - Validation cross entropy: 0.671372463230911
2022-05-16 03:07:36,513 - INFO - Validation cross entropy: 0.6771237787289835
2022-05-16 03:11:06,297 - INFO - Validation cross entropy: 0.6661120012427495
2022-05-16 03:14:35,853 - INFO - Validation cross entropy: 0.6724985198209833
2022-05-16 03:18:05,407 - INFO - Validation cross entropy: 0.6765838722937071
2022-05-16 03:21:34,936 - INFO - Validation cross entropy: 0.6788949522890237
2022-05-16 03:25:04,556 - INFO - Validation cross entropy: 0.6784042946657344
2022-05-16 03:25:04,916 - INFO - Checkpoint 20 saved !
2022-05-16 03:29:04,643 - INFO - Validation cross entropy: 0.7167293046237636
2022-05-16 03:32:34,147 - INFO - Validation cross entropy: 0.669012698970448
2022-05-16 03:36:03,554 - INFO - Validation cross entropy: 0.6767389923084521
2022-05-16 03:39:32,991 - INFO - Validation cross entropy: 0.6748405366237439
2022-05-16 03:43:02,804 - INFO - Validation cross entropy: 0.6762038271630829
2022-05-16 03:46:32,636 - INFO - Validation cross entropy: 0.6701778861595757
2022-05-16 03:50:01,994 - INFO - Validation cross entropy: 0.6759288596048627
2022-05-16 03:53:31,625 - INFO - Validation cross entropy: 0.6788787267216086
2022-05-16 03:57:01,251 - INFO - Validation cross entropy: 0.6645659615146854
2022-05-16 03:57:01,600 - INFO - Checkpoint 21 saved !
2022-05-16 04:01:01,004 - INFO - Validation cross entropy: 0.7125674295964552
2022-05-16 04:04:30,760 - INFO - Validation cross entropy: 0.6819067888423626
2022-05-16 04:08:00,665 - INFO - Validation cross entropy: 0.6628389693983835
2022-05-16 04:11:30,491 - INFO - Validation cross entropy: 0.6682911654513086
2022-05-16 04:14:59,915 - INFO - Validation cross entropy: 0.6674160388746054
2022-05-16 04:18:29,819 - INFO - Validation cross entropy: 0.6703673765138166
2022-05-16 04:21:59,541 - INFO - Validation cross entropy: 0.6640746190120627
2022-05-16 04:25:29,521 - INFO - Validation cross entropy: 0.6650043402984115
2022-05-16 04:28:59,371 - INFO - Validation cross entropy: 0.6663694833241516
2022-05-16 04:28:59,772 - INFO - Checkpoint 22 saved !
2022-05-16 04:32:59,178 - INFO - Validation cross entropy: 0.7160165956122192
2022-05-16 04:36:28,751 - INFO - Validation cross entropy: 0.689544403198576
2022-05-16 04:39:58,408 - INFO - Validation cross entropy: 0.6662608806911225
2022-05-16 04:43:28,243 - INFO - Validation cross entropy: 0.6651986610250457
2022-05-16 04:46:58,054 - INFO - Validation cross entropy: 0.670145462306101
2022-05-16 04:50:27,496 - INFO - Validation cross entropy: 0.6684173035312139
2022-05-16 04:53:57,143 - INFO - Validation cross entropy: 0.6664564115318221
2022-05-16 04:57:26,850 - INFO - Validation cross entropy: 0.6650085999837873
2022-05-16 05:00:56,493 - INFO - Validation cross entropy: 0.6652953317217292
2022-05-16 05:00:56,928 - INFO - Checkpoint 23 saved !
2022-05-16 05:04:56,472 - INFO - Validation cross entropy: 0.7061290821338219
2022-05-16 05:08:26,072 - INFO - Validation cross entropy: 0.6665051544032105
2022-05-16 05:11:55,760 - INFO - Validation cross entropy: 0.6667453738512905
2022-05-16 05:15:25,409 - INFO - Validation cross entropy: 0.6741772090869533
2022-05-16 05:18:54,965 - INFO - Validation cross entropy: 0.6646969988318144
2022-05-16 05:22:24,773 - INFO - Validation cross entropy: 0.668278697372681
2022-05-16 05:25:54,428 - INFO - Validation cross entropy: 0.6698480067740333
2022-05-16 05:29:24,189 - INFO - Validation cross entropy: 0.6663008882871625
2022-05-16 05:32:53,774 - INFO - Validation cross entropy: 0.6777217383660263
2022-05-16 05:32:54,188 - INFO - Checkpoint 24 saved !
2022-05-16 05:36:53,399 - INFO - Validation cross entropy: 0.7145540931166916
2022-05-16 05:40:22,947 - INFO - Validation cross entropy: 0.6701022717521419
2022-05-16 05:43:52,652 - INFO - Validation cross entropy: 0.6903993377284189
2022-05-16 05:47:22,419 - INFO - Validation cross entropy: 0.6787550111412004
2022-05-16 05:50:51,947 - INFO - Validation cross entropy: 0.667993013208835
2022-05-16 05:54:21,499 - INFO - Validation cross entropy: 0.6664755794420913
2022-05-16 05:57:51,245 - INFO - Validation cross entropy: 0.6603335540997523
2022-05-16 06:01:20,970 - INFO - Validation cross entropy: 0.6666337801034327
2022-05-16 06:04:50,880 - INFO - Validation cross entropy: 0.6681089344835361
2022-05-16 06:04:51,317 - INFO - Checkpoint 25 saved !
2022-05-16 06:08:50,556 - INFO - Validation cross entropy: 0.7219116150883574
2022-05-16 06:12:20,144 - INFO - Validation cross entropy: 0.6691149365113209
2022-05-16 06:15:49,783 - INFO - Validation cross entropy: 0.6671814354919708
2022-05-16 06:19:19,667 - INFO - Validation cross entropy: 0.6657470693340652
2022-05-16 06:22:49,533 - INFO - Validation cross entropy: 0.6648561334739778
2022-05-16 06:26:19,092 - INFO - Validation cross entropy: 0.6622220908027997
2022-05-16 06:29:48,965 - INFO - Validation cross entropy: 0.6641648459674125
2022-05-16 06:33:18,812 - INFO - Validation cross entropy: 0.6829680362388716
2022-05-16 06:36:48,560 - INFO - Validation cross entropy: 0.6705460527933622
2022-05-16 06:36:48,951 - INFO - Checkpoint 26 saved !
2022-05-16 06:40:48,595 - INFO - Validation cross entropy: 0.7136118730258703
2022-05-16 06:44:18,281 - INFO - Validation cross entropy: 0.6661153130695049
2022-05-16 06:47:48,310 - INFO - Validation cross entropy: 0.6643758361014089
2022-05-16 06:51:18,588 - INFO - Validation cross entropy: 0.6646083938067083
2022-05-16 06:54:48,527 - INFO - Validation cross entropy: 0.6640391275661075
2022-05-16 06:58:18,226 - INFO - Validation cross entropy: 0.6611728435335447
2022-05-16 07:01:47,973 - INFO - Validation cross entropy: 0.6657501184810546
2022-05-16 07:05:17,819 - INFO - Validation cross entropy: 0.6694931827697722
2022-05-16 07:08:47,680 - INFO - Validation cross entropy: 0.6630790535379295
2022-05-16 07:08:48,091 - INFO - Checkpoint 27 saved !
2022-05-16 07:12:47,599 - INFO - Validation cross entropy: 0.7081646650430545
2022-05-16 07:16:17,579 - INFO - Validation cross entropy: 0.6650242109843834
2022-05-16 07:19:47,328 - INFO - Validation cross entropy: 0.6629005079742653
2022-05-16 07:23:17,282 - INFO - Validation cross entropy: 0.6687846461582423
2022-05-16 07:26:46,945 - INFO - Validation cross entropy: 0.6656733334713445
2022-05-16 07:30:16,844 - INFO - Validation cross entropy: 0.6789623734040476
2022-05-16 07:33:46,425 - INFO - Validation cross entropy: 0.679728004276453
2022-05-16 07:37:16,263 - INFO - Validation cross entropy: 0.6756648820648641
2022-05-16 07:40:45,941 - INFO - Validation cross entropy: 0.6744313354368385
2022-05-16 07:40:46,341 - INFO - Checkpoint 28 saved !
2022-05-16 07:44:46,035 - INFO - Validation cross entropy: 0.7063128596524297
2022-05-16 07:48:15,864 - INFO - Validation cross entropy: 0.6677997542336159
2022-05-16 07:51:45,463 - INFO - Validation cross entropy: 0.6729656149893749
2022-05-16 07:55:15,396 - INFO - Validation cross entropy: 0.6620745289465491
2022-05-16 07:58:45,383 - INFO - Validation cross entropy: 0.6601073872204402
2022-05-16 08:02:15,026 - INFO - Validation cross entropy: 0.6720017122613325
2022-05-16 08:05:44,679 - INFO - Validation cross entropy: 0.6629504674742969
2022-05-16 08:09:14,526 - INFO - Validation cross entropy: 0.6666612504065735
2022-05-16 08:12:44,577 - INFO - Validation cross entropy: 0.6699373287022413
2022-05-16 08:12:44,971 - INFO - Checkpoint 29 saved !
2022-05-16 08:16:45,125 - INFO - Validation cross entropy: 0.7063345401430848
2022-05-16 08:20:14,841 - INFO - Validation cross entropy: 0.6593155283075282
2022-05-16 08:23:44,834 - INFO - Validation cross entropy: 0.6629948952489562
2022-05-16 08:27:14,320 - INFO - Validation cross entropy: 0.6622188920451568
2022-05-16 08:30:44,249 - INFO - Validation cross entropy: 0.6689336728959826
2022-05-16 08:34:14,003 - INFO - Validation cross entropy: 0.6611638095860106
2022-05-16 08:37:43,723 - INFO - Validation cross entropy: 0.6951059165162656
2022-05-16 08:41:13,631 - INFO - Validation cross entropy: 0.6744466690062678
2022-05-16 08:44:43,323 - INFO - Validation cross entropy: 0.6644226915422996
2022-05-16 08:44:43,738 - INFO - Checkpoint 30 saved !
2022-05-16 08:48:43,185 - INFO - Validation cross entropy: 0.7007052864461288
2022-05-16 08:52:12,990 - INFO - Validation cross entropy: 0.6635558652618223
2022-05-16 08:55:42,940 - INFO - Validation cross entropy: 0.6582096236534853
2022-05-16 08:59:13,009 - INFO - Validation cross entropy: 0.6707522426068883
2022-05-16 09:02:42,769 - INFO - Validation cross entropy: 0.6795053286119123
2022-05-16 09:06:12,598 - INFO - Validation cross entropy: 0.6630639000553981
2022-05-16 09:09:42,438 - INFO - Validation cross entropy: 0.6594618642999099
2022-05-16 09:13:12,443 - INFO - Validation cross entropy: 0.6603032604883264
2022-05-16 09:16:42,204 - INFO - Validation cross entropy: 0.6634569292391964
2022-05-16 09:16:42,615 - INFO - Checkpoint 31 saved !
2022-05-16 09:20:42,254 - INFO - Validation cross entropy: 0.7083168773595212
2022-05-16 09:24:12,215 - INFO - Validation cross entropy: 0.6663717798501803
2022-05-16 09:27:41,991 - INFO - Validation cross entropy: 0.66150050292063
2022-05-16 09:31:11,968 - INFO - Validation cross entropy: 0.6650904190899739
2022-05-16 09:34:41,842 - INFO - Validation cross entropy: 0.6675684931040609
2022-05-16 09:38:11,553 - INFO - Validation cross entropy: 0.6636614182486607
2022-05-16 09:41:41,367 - INFO - Validation cross entropy: 0.6626535942107189
2022-05-16 09:45:11,100 - INFO - Validation cross entropy: 0.6728695220184486
2022-05-16 09:48:40,682 - INFO - Validation cross entropy: 0.6658272329137553
2022-05-16 09:48:41,135 - INFO - Checkpoint 32 saved !
2022-05-16 09:52:40,883 - INFO - Validation cross entropy: 0.7109284482060165
2022-05-16 09:56:10,685 - INFO - Validation cross entropy: 0.6589397905110514
2022-05-16 09:59:40,589 - INFO - Validation cross entropy: 0.6572732682054366
2022-05-16 10:03:10,472 - INFO - Validation cross entropy: 0.675446128201245
2022-05-16 10:06:40,244 - INFO - Validation cross entropy: 0.6586789921849616
2022-05-16 10:10:10,036 - INFO - Validation cross entropy: 0.6671917241072934
2022-05-16 10:13:39,938 - INFO - Validation cross entropy: 0.6613301090159808
2022-05-16 10:17:10,150 - INFO - Validation cross entropy: 0.6614274768723515
2022-05-16 10:20:39,907 - INFO - Validation cross entropy: 0.6682923445649682
2022-05-16 10:20:40,267 - INFO - Checkpoint 33 saved !
2022-05-16 10:24:39,871 - INFO - Validation cross entropy: 0.702359882955575
2022-05-16 10:28:09,652 - INFO - Validation cross entropy: 0.6830924562673073
2022-05-16 10:31:39,504 - INFO - Validation cross entropy: 0.6659753559721974
2022-05-16 10:35:09,707 - INFO - Validation cross entropy: 0.6791501530700392
2022-05-16 10:38:39,491 - INFO - Validation cross entropy: 0.6668402075617756
2022-05-16 10:42:09,446 - INFO - Validation cross entropy: 0.6621147581880017
2022-05-16 10:45:39,203 - INFO - Validation cross entropy: 0.6619149975141688
2022-05-16 10:49:08,856 - INFO - Validation cross entropy: 0.6635123930584446
2022-05-16 10:52:38,596 - INFO - Validation cross entropy: 0.6606799568013729
2022-05-16 10:52:39,028 - INFO - Checkpoint 34 saved !
2022-05-16 10:56:38,534 - INFO - Validation cross entropy: 0.7034393387973009
2022-05-16 11:00:08,341 - INFO - Validation cross entropy: 0.6635807842215901
2022-05-16 11:03:38,170 - INFO - Validation cross entropy: 0.6599500147841084
2022-05-16 11:07:08,034 - INFO - Validation cross entropy: 0.6599920593963396
2022-05-16 11:10:37,916 - INFO - Validation cross entropy: 0.660153890774278
2022-05-16 11:14:07,509 - INFO - Validation cross entropy: 0.6755826267065914
2022-05-16 11:17:37,456 - INFO - Validation cross entropy: 0.6585200031099208
2022-05-16 11:21:06,995 - INFO - Validation cross entropy: 0.6692528966783079
2022-05-16 11:24:36,956 - INFO - Validation cross entropy: 0.6628171598641717
2022-05-16 11:24:37,383 - INFO - Checkpoint 35 saved !
2022-05-16 11:28:37,045 - INFO - Validation cross entropy: 0.7012263715416942
2022-05-16 11:32:06,863 - INFO - Validation cross entropy: 0.6659357370793121
2022-05-16 11:35:36,698 - INFO - Validation cross entropy: 0.6596150593442134
2022-05-16 11:39:06,553 - INFO - Validation cross entropy: 0.6690372129031761
2022-05-16 11:42:36,135 - INFO - Validation cross entropy: 0.6632731253128356
2022-05-16 11:46:05,947 - INFO - Validation cross entropy: 0.6606599559985613
2022-05-16 11:49:35,805 - INFO - Validation cross entropy: 0.6631503255173589
2022-05-16 11:53:05,623 - INFO - Validation cross entropy: 0.6680359899798031
2022-05-16 11:56:35,260 - INFO - Validation cross entropy: 0.6574139245840372
2022-05-16 11:56:35,539 - INFO - Checkpoint 36 saved !
2022-05-16 12:00:35,150 - INFO - Validation cross entropy: 0.7007903491382423
2022-05-16 12:04:04,760 - INFO - Validation cross entropy: 0.6692162218754815
2022-05-16 12:07:34,364 - INFO - Validation cross entropy: 0.6603856220017725
2022-05-16 12:11:04,386 - INFO - Validation cross entropy: 0.6694430464276516
2022-05-16 12:14:34,009 - INFO - Validation cross entropy: 0.6559372748212399
2022-05-16 12:18:03,745 - INFO - Validation cross entropy: 0.65863078345905
2022-05-16 12:21:33,392 - INFO - Validation cross entropy: 0.6593115921296067
2022-05-16 12:25:03,049 - INFO - Validation cross entropy: 0.658678804959484
2022-05-16 12:28:33,105 - INFO - Validation cross entropy: 0.6633651463979453
2022-05-16 12:28:33,500 - INFO - Checkpoint 37 saved !
2022-05-16 12:32:33,248 - INFO - Validation cross entropy: 0.7056776605908396
2022-05-16 12:36:03,021 - INFO - Validation cross entropy: 0.6683362202728214
2022-05-16 12:39:32,685 - INFO - Validation cross entropy: 0.6607792970023962
2022-05-16 12:43:02,448 - INFO - Validation cross entropy: 0.6558559802259433
2022-05-16 12:46:32,426 - INFO - Validation cross entropy: 0.6569439528675335
2022-05-16 12:50:02,131 - INFO - Validation cross entropy: 0.6581963309940182
2022-05-16 12:53:31,663 - INFO - Validation cross entropy: 0.6605062815711726
2022-05-16 12:57:01,428 - INFO - Validation cross entropy: 0.6713018936278233
2022-05-16 13:00:31,278 - INFO - Validation cross entropy: 0.655559443998177
2022-05-16 13:00:31,686 - INFO - Checkpoint 38 saved !
2022-05-16 13:04:31,278 - INFO - Validation cross entropy: 0.6951512552086433
2022-05-16 13:08:01,084 - INFO - Validation cross entropy: 0.6594459782643134
2022-05-16 13:11:30,794 - INFO - Validation cross entropy: 0.6600287192231247
2022-05-16 13:15:00,491 - INFO - Validation cross entropy: 0.6661945779369505
2022-05-16 13:18:30,174 - INFO - Validation cross entropy: 0.6584485188950246
2022-05-16 13:22:00,317 - INFO - Validation cross entropy: 0.6607889344594386
2022-05-16 13:25:29,968 - INFO - Validation cross entropy: 0.6666028696538215
2022-05-16 13:28:59,825 - INFO - Validation cross entropy: 0.6610882248560986
2022-05-16 13:32:29,506 - INFO - Validation cross entropy: 0.6679874202314533
2022-05-16 13:32:29,876 - INFO - Checkpoint 39 saved !
2022-05-16 13:36:29,530 - INFO - Validation cross entropy: 0.6982919323933584
2022-05-16 13:39:59,122 - INFO - Validation cross entropy: 0.6650266350813248
2022-05-16 13:43:28,702 - INFO - Validation cross entropy: 0.6577450168292527
2022-05-16 13:46:58,326 - INFO - Validation cross entropy: 0.6600995240249427
2022-05-16 13:50:28,094 - INFO - Validation cross entropy: 0.6604444476927146
2022-05-16 13:53:57,619 - INFO - Validation cross entropy: 0.6652779787828774
2022-05-16 13:57:27,154 - INFO - Validation cross entropy: 0.6612055340354367
2022-05-16 14:00:57,190 - INFO - Validation cross entropy: 0.6632409955638537
2022-05-16 14:04:26,990 - INFO - Validation cross entropy: 0.6600932115985321
2022-05-16 14:04:27,407 - INFO - Checkpoint 40 saved !
2022-05-16 14:08:27,124 - INFO - Validation cross entropy: 0.7179945396568308
2022-05-16 14:11:56,718 - INFO - Validation cross entropy: 0.6711641685347661
2022-05-16 14:15:26,322 - INFO - Validation cross entropy: 0.6596222871312344
2022-05-16 14:18:56,288 - INFO - Validation cross entropy: 0.658861077660492
2022-05-16 14:22:26,033 - INFO - Validation cross entropy: 0.6569996180146983
2022-05-16 14:25:55,657 - INFO - Validation cross entropy: 0.658902800312793
2022-05-16 14:29:25,281 - INFO - Validation cross entropy: 0.6598358913082972
2022-05-16 14:32:55,211 - INFO - Validation cross entropy: 0.6631641974750675
2022-05-16 14:36:25,161 - INFO - Validation cross entropy: 0.659319239245787
2022-05-16 14:36:25,549 - INFO - Checkpoint 41 saved !
2022-05-16 14:40:25,179 - INFO - Validation cross entropy: 0.6972512062420597
2022-05-16 14:43:55,169 - INFO - Validation cross entropy: 0.6602851188362543
2022-05-16 14:47:24,901 - INFO - Validation cross entropy: 0.6625982585614251
2022-05-16 14:50:54,597 - INFO - Validation cross entropy: 0.6541582480746897
2022-05-16 14:54:24,518 - INFO - Validation cross entropy: 0.6722624156143597
2022-05-16 14:57:53,956 - INFO - Validation cross entropy: 0.6540770546675128
2022-05-16 15:01:23,641 - INFO - Validation cross entropy: 0.6653432242285267
2022-05-16 15:04:53,218 - INFO - Validation cross entropy: 0.6593343545144527
2022-05-16 15:08:23,170 - INFO - Validation cross entropy: 0.662953938346612
2022-05-16 15:08:23,585 - INFO - Checkpoint 42 saved !
2022-05-16 15:12:23,323 - INFO - Validation cross entropy: 0.6961577114348036
2022-05-16 15:15:52,905 - INFO - Validation cross entropy: 0.6765690047287661
2022-05-16 15:19:22,728 - INFO - Validation cross entropy: 0.6550044814246384
2022-05-16 15:22:52,893 - INFO - Validation cross entropy: 0.672391143725745
2022-05-16 15:26:22,537 - INFO - Validation cross entropy: 0.6555443818944583
2022-05-16 15:29:52,327 - INFO - Validation cross entropy: 0.6591845312010702
2022-05-16 15:33:22,546 - INFO - Validation cross entropy: 0.6561057487973816
2022-05-16 15:36:52,052 - INFO - Validation cross entropy: 0.6629620090850833
2022-05-16 15:40:21,977 - INFO - Validation cross entropy: 0.6575992757351554
2022-05-16 15:40:22,315 - INFO - Checkpoint 43 saved !
2022-05-16 15:44:21,770 - INFO - Validation cross entropy: 0.6937812519582671
2022-05-16 15:47:51,522 - INFO - Validation cross entropy: 0.6631583999000003
2022-05-16 15:51:21,259 - INFO - Validation cross entropy: 0.6613932819023004
2022-05-16 15:54:50,975 - INFO - Validation cross entropy: 0.6562958119352859
2022-05-16 15:58:20,642 - INFO - Validation cross entropy: 0.6576012206486921
2022-05-16 16:01:50,331 - INFO - Validation cross entropy: 0.659850262142905
2022-05-16 16:05:20,387 - INFO - Validation cross entropy: 0.6571827945198047
2022-05-16 16:08:50,114 - INFO - Validation cross entropy: 0.654123939661125
2022-05-16 16:12:19,689 - INFO - Validation cross entropy: 0.6574953793730568
2022-05-16 16:12:20,114 - INFO - Checkpoint 44 saved !
2022-05-16 16:16:19,604 - INFO - Validation cross entropy: 0.70843410002726
2022-05-16 16:19:49,424 - INFO - Validation cross entropy: 0.6613144285515126
2022-05-16 16:23:19,194 - INFO - Validation cross entropy: 0.6630618000150326
2022-05-16 16:26:48,937 - INFO - Validation cross entropy: 0.6752382771952867
2022-05-16 16:30:18,562 - INFO - Validation cross entropy: 0.6597056734052735
2022-05-16 16:33:47,920 - INFO - Validation cross entropy: 0.6576631856423926
2022-05-16 16:37:17,913 - INFO - Validation cross entropy: 0.6604316916248107
2022-05-16 16:40:47,287 - INFO - Validation cross entropy: 0.6640586731222207
2022-05-16 16:44:16,799 - INFO - Validation cross entropy: 0.6681615243505193
2022-05-16 16:44:17,195 - INFO - Checkpoint 45 saved !
2022-05-16 16:48:16,718 - INFO - Validation cross entropy: 0.6904141414205432
2022-05-16 16:51:46,643 - INFO - Validation cross entropy: 0.6681026969373326
2022-05-16 16:55:16,148 - INFO - Validation cross entropy: 0.6605682035586742
2022-05-16 16:58:46,043 - INFO - Validation cross entropy: 0.6540418036619023
2022-05-16 17:02:16,079 - INFO - Validation cross entropy: 0.6548039763666677
2022-05-16 17:05:45,879 - INFO - Validation cross entropy: 0.6667031264634588
2022-05-16 17:09:15,787 - INFO - Validation cross entropy: 0.6668837095175556
2022-05-16 17:12:45,488 - INFO - Validation cross entropy: 0.6556364032541288
2022-05-16 17:16:15,103 - INFO - Validation cross entropy: 0.655148127520304
2022-05-16 17:16:15,520 - INFO - Checkpoint 46 saved !
2022-05-16 17:20:14,817 - INFO - Validation cross entropy: 0.6855854633415565
2022-05-16 17:23:44,534 - INFO - Validation cross entropy: 0.6537717250823176
2022-05-16 17:27:14,199 - INFO - Validation cross entropy: 0.6574338643844403
2022-05-16 17:30:44,006 - INFO - Validation cross entropy: 0.6625287976846024
2022-05-16 17:34:13,967 - INFO - Validation cross entropy: 0.6538462705498365
2022-05-16 17:37:44,214 - INFO - Validation cross entropy: 0.6537488113895333
2022-05-16 17:41:13,839 - INFO - Validation cross entropy: 0.6577089711449653
2022-05-16 17:44:43,398 - INFO - Validation cross entropy: 0.6605475687451499
2022-05-16 17:48:13,364 - INFO - Validation cross entropy: 0.6637322784368717
2022-05-16 17:48:13,791 - INFO - Checkpoint 47 saved !
2022-05-16 17:52:13,300 - INFO - Validation cross entropy: 0.6857533463631044
2022-05-16 17:55:43,165 - INFO - Validation cross entropy: 0.6612706151439915
2022-05-16 17:59:12,994 - INFO - Validation cross entropy: 0.6614176454506128
2022-05-16 18:02:42,645 - INFO - Validation cross entropy: 0.6567838040977666
2022-05-16 18:06:12,154 - INFO - Validation cross entropy: 0.6625444903545443
2022-05-16 18:09:41,790 - INFO - Validation cross entropy: 0.6539185448757169
2022-05-16 18:13:11,590 - INFO - Validation cross entropy: 0.6641538855518329
2022-05-16 18:16:41,032 - INFO - Validation cross entropy: 0.6639128810596626
2022-05-16 18:20:10,664 - INFO - Validation cross entropy: 0.6543040819952836
2022-05-16 18:20:10,981 - INFO - Checkpoint 48 saved !
2022-05-16 18:24:10,344 - INFO - Validation cross entropy: 0.7139715966167961
2022-05-16 18:27:39,932 - INFO - Validation cross entropy: 0.6541272562302936
2022-05-16 18:31:09,723 - INFO - Validation cross entropy: 0.6586398406943285
2022-05-16 18:34:39,359 - INFO - Validation cross entropy: 0.6536547245342328
2022-05-16 18:38:08,993 - INFO - Validation cross entropy: 0.6676289300423371
2022-05-16 18:41:38,713 - INFO - Validation cross entropy: 0.6687073603247478
2022-05-16 18:45:08,576 - INFO - Validation cross entropy: 0.6674623522826375
2022-05-16 18:48:38,226 - INFO - Validation cross entropy: 0.6524035138900156
2022-05-16 18:52:07,764 - INFO - Validation cross entropy: 0.6540366891440834
2022-05-16 18:52:08,192 - INFO - Checkpoint 49 saved !
2022-05-16 18:56:07,905 - INFO - Validation cross entropy: 0.681836680101989
2022-05-16 18:59:37,542 - INFO - Validation cross entropy: 0.6556471071051593
2022-05-16 19:03:07,714 - INFO - Validation cross entropy: 0.6659325546455543
2022-05-16 19:06:37,424 - INFO - Validation cross entropy: 0.6544958428422011
2022-05-16 19:10:07,376 - INFO - Validation cross entropy: 0.656255986298149
2022-05-16 19:13:37,081 - INFO - Validation cross entropy: 0.6677899805694768
2022-05-16 19:17:07,047 - INFO - Validation cross entropy: 0.656878114470485
2022-05-16 19:20:36,546 - INFO - Validation cross entropy: 0.6592477965394855
2022-05-16 19:24:06,352 - INFO - Validation cross entropy: 0.664173575826426
2022-05-16 19:24:06,728 - INFO - Checkpoint 50 saved !
2022-05-16 19:28:06,377 - INFO - Validation cross entropy: 0.7054578908773722
2022-05-16 19:31:36,073 - INFO - Validation cross entropy: 0.6542302683569878
2022-05-16 19:35:05,853 - INFO - Validation cross entropy: 0.6546616164883178
2022-05-16 19:38:35,756 - INFO - Validation cross entropy: 0.6603399033672247
2022-05-16 19:42:05,437 - INFO - Validation cross entropy: 0.6592691140358572
2022-05-16 19:45:35,399 - INFO - Validation cross entropy: 0.6579196262649156
2022-05-16 19:49:05,170 - INFO - Validation cross entropy: 0.6517332623302438
2022-05-16 19:52:34,889 - INFO - Validation cross entropy: 0.659726500336449
2022-05-16 19:56:04,637 - INFO - Validation cross entropy: 0.6554676721643163
2022-05-16 19:56:05,058 - INFO - Checkpoint 51 saved !
2022-05-16 20:00:04,854 - INFO - Validation cross entropy: 0.6975829077625594
2022-05-16 20:03:34,734 - INFO - Validation cross entropy: 0.6619244849611966
2022-05-16 20:07:04,548 - INFO - Validation cross entropy: 0.6610006488098371
2022-05-16 20:10:34,152 - INFO - Validation cross entropy: 0.6548112539240662
2022-05-16 20:14:03,754 - INFO - Validation cross entropy: 0.6531815813414416
2022-05-16 20:17:33,264 - INFO - Validation cross entropy: 0.6521641398394726
2022-05-16 20:21:02,897 - INFO - Validation cross entropy: 0.6648596189479332
2022-05-16 20:24:32,597 - INFO - Validation cross entropy: 0.6543785693557618
2022-05-16 20:28:02,682 - INFO - Validation cross entropy: 0.659058639826487
2022-05-16 20:28:03,078 - INFO - Checkpoint 52 saved !
2022-05-16 20:32:02,703 - INFO - Validation cross entropy: 0.7022383668065271
2022-05-16 20:35:32,400 - INFO - Validation cross entropy: 0.6561086032807927
2022-05-16 20:39:02,367 - INFO - Validation cross entropy: 0.6508911105006984
2022-05-16 20:42:31,924 - INFO - Validation cross entropy: 0.6598275246682079
2022-05-16 20:46:01,881 - INFO - Validation cross entropy: 0.6559254252531221
2022-05-16 20:49:31,832 - INFO - Validation cross entropy: 0.6655383339679022
2022-05-16 20:53:01,429 - INFO - Validation cross entropy: 0.6645248660340382
2022-05-16 20:56:31,164 - INFO - Validation cross entropy: 0.6548817847641668
2022-05-16 21:00:01,056 - INFO - Validation cross entropy: 0.6603107025076197
2022-05-16 21:00:01,482 - INFO - Checkpoint 53 saved !
2022-05-16 21:04:00,823 - INFO - Validation cross entropy: 0.6955728320470408
2022-05-16 21:07:30,907 - INFO - Validation cross entropy: 0.6536886057312564
2022-05-16 21:11:00,782 - INFO - Validation cross entropy: 0.669328669956581
2022-05-16 21:14:30,250 - INFO - Validation cross entropy: 0.6609576687191798
2022-05-16 21:17:59,956 - INFO - Validation cross entropy: 0.6536729349762551
2022-05-16 21:21:29,689 - INFO - Validation cross entropy: 0.6622184600362826
2022-05-16 21:24:59,115 - INFO - Validation cross entropy: 0.6563727255891915
2022-05-16 21:28:29,262 - INFO - Validation cross entropy: 0.6687023334666912
2022-05-16 21:31:59,019 - INFO - Validation cross entropy: 0.6550540196236654
2022-05-16 21:31:59,433 - INFO - Checkpoint 54 saved !
2022-05-16 21:35:58,814 - INFO - Validation cross entropy: 0.7039384422340186
2022-05-16 21:39:28,577 - INFO - Validation cross entropy: 0.6586484817953365
2022-05-16 21:42:58,091 - INFO - Validation cross entropy: 0.6529812806814759
2022-05-16 21:46:27,696 - INFO - Validation cross entropy: 0.6576258697401938
2022-05-16 21:49:57,598 - INFO - Validation cross entropy: 0.6539718972977682
2022-05-16 21:53:27,340 - INFO - Validation cross entropy: 0.6589862989321027
2022-05-16 21:56:56,810 - INFO - Validation cross entropy: 0.6577175826183715
2022-05-16 22:00:26,591 - INFO - Validation cross entropy: 0.6613217219086348
2022-05-16 22:03:56,277 - INFO - Validation cross entropy: 0.6562442224678682
2022-05-16 22:03:56,681 - INFO - Checkpoint 55 saved !
2022-05-16 22:07:56,158 - INFO - Validation cross entropy: 0.6908048781967243
2022-05-16 22:11:25,793 - INFO - Validation cross entropy: 0.6537032763362929
2022-05-16 22:14:55,631 - INFO - Validation cross entropy: 0.6552932981520242
2022-05-16 22:18:25,591 - INFO - Validation cross entropy: 0.6553598236997723
2022-05-16 22:21:55,203 - INFO - Validation cross entropy: 0.6581720662376589
2022-05-16 22:25:24,848 - INFO - Validation cross entropy: 0.6537129949135596
2022-05-16 22:28:54,786 - INFO - Validation cross entropy: 0.6564694035742151
2022-05-16 22:32:24,420 - INFO - Validation cross entropy: 0.6522023592212891
2022-05-16 22:35:55,493 - INFO - Validation cross entropy: 0.6583022343203849
2022-05-16 22:35:55,913 - INFO - Checkpoint 56 saved !
2022-05-16 22:39:55,435 - INFO - Validation cross entropy: 0.6898680390724584
2022-05-16 22:43:25,282 - INFO - Validation cross entropy: 0.657391125907251
2022-05-16 22:46:54,819 - INFO - Validation cross entropy: 0.6607160388524808
2022-05-16 22:50:24,601 - INFO - Validation cross entropy: 0.6502432892570145
2022-05-16 22:53:54,265 - INFO - Validation cross entropy: 0.6524087543563427
2022-05-16 22:57:23,787 - INFO - Validation cross entropy: 0.6520456065185106
2022-05-16 23:00:53,513 - INFO - Validation cross entropy: 0.6502994311664572
2022-05-16 23:04:23,256 - INFO - Validation cross entropy: 0.6661608397361621
2022-05-16 23:07:53,201 - INFO - Validation cross entropy: 0.655863096516336
2022-05-16 23:07:53,602 - INFO - Checkpoint 57 saved !
2022-05-16 23:11:52,871 - INFO - Validation cross entropy: 0.6942245107350038
2022-05-16 23:15:22,444 - INFO - Validation cross entropy: 0.6547059936189971
2022-05-16 23:18:52,138 - INFO - Validation cross entropy: 0.6647708017123205
2022-05-16 23:22:21,610 - INFO - Validation cross entropy: 0.6521237023312043
2022-05-16 23:25:50,942 - INFO - Validation cross entropy: 0.6637118777487945
2022-05-16 23:29:20,703 - INFO - Validation cross entropy: 0.6552756710517746
2022-05-16 23:32:50,244 - INFO - Validation cross entropy: 0.6567029926794857
2022-05-16 23:36:19,957 - INFO - Validation cross entropy: 0.6518555632488212
2022-05-16 23:39:49,416 - INFO - Validation cross entropy: 0.6562003559952405
2022-05-16 23:39:49,861 - INFO - Checkpoint 58 saved !
2022-05-16 23:43:49,488 - INFO - Validation cross entropy: 0.7018461440825582
2022-05-16 23:47:19,167 - INFO - Validation cross entropy: 0.654592821196695
2022-05-16 23:50:48,897 - INFO - Validation cross entropy: 0.6531880953453694
2022-05-16 23:54:18,268 - INFO - Validation cross entropy: 0.6560619659409851
2022-05-16 23:57:48,005 - INFO - Validation cross entropy: 0.6509291094102252
2022-05-17 00:01:17,540 - INFO - Validation cross entropy: 0.6585784605400047
2022-05-17 00:04:47,069 - INFO - Validation cross entropy: 0.652865419885022
2022-05-17 00:08:17,013 - INFO - Validation cross entropy: 0.6541169728815456
2022-05-17 00:11:46,444 - INFO - Validation cross entropy: 0.6500484306159331
2022-05-17 00:11:46,825 - INFO - Checkpoint 59 saved !
2022-05-17 00:15:46,021 - INFO - Validation cross entropy: 0.6871573934752737
2022-05-17 00:19:15,629 - INFO - Validation cross entropy: 0.6490102329945046
2022-05-17 00:22:45,390 - INFO - Validation cross entropy: 0.6561129393689397
2022-05-17 00:26:15,137 - INFO - Validation cross entropy: 0.652370793860362
2022-05-17 00:29:44,667 - INFO - Validation cross entropy: 0.6560800543781901
2022-05-17 00:33:14,230 - INFO - Validation cross entropy: 0.6587190011538053
2022-05-17 00:36:43,736 - INFO - Validation cross entropy: 0.6596784760654472
2022-05-17 00:40:13,140 - INFO - Validation cross entropy: 0.6562532369465485
2022-05-17 00:43:43,304 - INFO - Validation cross entropy: 0.6535618388822529
2022-05-17 00:43:43,717 - INFO - Checkpoint 60 saved !
2022-05-17 00:47:43,271 - INFO - Validation cross entropy: 0.6814517863531608
2022-05-17 00:51:12,728 - INFO - Validation cross entropy: 0.6506650058717983
2022-05-17 00:54:42,258 - INFO - Validation cross entropy: 0.6502902274405338
2022-05-17 00:58:11,906 - INFO - Validation cross entropy: 0.6524216632797091
2022-05-17 01:01:41,403 - INFO - Validation cross entropy: 0.6525391042482114
2022-05-17 01:05:10,795 - INFO - Validation cross entropy: 0.656364717400653
2022-05-17 01:08:40,170 - INFO - Validation cross entropy: 0.6504781654532031
2022-05-17 01:12:09,856 - INFO - Validation cross entropy: 0.649176360374719
2022-05-17 01:15:39,323 - INFO - Validation cross entropy: 0.6558578695534062
2022-05-17 01:15:39,753 - INFO - Checkpoint 61 saved !
2022-05-17 01:19:39,460 - INFO - Validation cross entropy: 0.6882484239249972
2022-05-17 01:23:09,076 - INFO - Validation cross entropy: 0.6536000241935752
2022-05-17 01:26:38,510 - INFO - Validation cross entropy: 0.6593613752867509
2022-05-17 01:30:08,087 - INFO - Validation cross entropy: 0.664744188488029
2022-05-17 01:33:37,316 - INFO - Validation cross entropy: 0.6518764690538148
2022-05-17 01:37:06,968 - INFO - Validation cross entropy: 0.6546035728212977
2022-05-17 01:40:36,575 - INFO - Validation cross entropy: 0.6620224732000823
2022-05-17 01:44:06,157 - INFO - Validation cross entropy: 0.6527151046585997
2022-05-17 01:47:35,467 - INFO - Validation cross entropy: 0.6495015411271122
2022-05-17 01:47:35,863 - INFO - Checkpoint 62 saved !
2022-05-17 01:51:35,254 - INFO - Validation cross entropy: 0.6752629249139847
2022-05-17 01:55:05,091 - INFO - Validation cross entropy: 0.6498354998365719
2022-05-17 01:58:34,494 - INFO - Validation cross entropy: 0.6500241868010718
2022-05-17 02:02:03,937 - INFO - Validation cross entropy: 0.6488988428708896
2022-05-17 02:05:33,176 - INFO - Validation cross entropy: 0.653013916945138
2022-05-17 02:09:02,884 - INFO - Validation cross entropy: 0.6521301321448194
2022-05-17 02:12:32,338 - INFO - Validation cross entropy: 0.6534197120560673
2022-05-17 02:16:01,990 - INFO - Validation cross entropy: 0.6546759739443285
2022-05-17 02:19:31,766 - INFO - Validation cross entropy: 0.6555983876213556
2022-05-17 02:19:32,120 - INFO - Checkpoint 63 saved !
2022-05-17 02:23:32,068 - INFO - Validation cross entropy: 0.6944540743801861
2022-05-17 02:27:01,362 - INFO - Validation cross entropy: 0.6503058152532258
2022-05-17 02:30:31,109 - INFO - Validation cross entropy: 0.6585886465195235
2022-05-17 02:34:00,470 - INFO - Validation cross entropy: 0.659835274819553
2022-05-17 02:37:30,085 - INFO - Validation cross entropy: 0.6547281662473328
2022-05-17 02:40:59,596 - INFO - Validation cross entropy: 0.6523794123974677
2022-05-17 02:44:29,041 - INFO - Validation cross entropy: 0.6598469039902615
2022-05-17 02:47:58,467 - INFO - Validation cross entropy: 0.6602143299589605
2022-05-17 02:51:28,028 - INFO - Validation cross entropy: 0.6504432051575164
2022-05-17 02:51:28,453 - INFO - Checkpoint 64 saved !
2022-05-17 02:55:28,150 - INFO - Validation cross entropy: 0.6802327357844092
2022-05-17 02:58:57,735 - INFO - Validation cross entropy: 0.6508880408115723
2022-05-17 03:02:27,034 - INFO - Validation cross entropy: 0.6514216644730001
2022-05-17 03:05:56,821 - INFO - Validation cross entropy: 0.6624046639231981
2022-05-17 03:09:26,436 - INFO - Validation cross entropy: 0.6525358186045683
2022-05-17 03:12:56,279 - INFO - Validation cross entropy: 0.6538532643112506
2022-05-17 03:16:25,959 - INFO - Validation cross entropy: 0.652645464368801
2022-05-17 03:19:55,735 - INFO - Validation cross entropy: 0.6538542106473066
2022-05-17 03:23:25,298 - INFO - Validation cross entropy: 0.6512182334959008
2022-05-17 03:23:25,683 - INFO - Checkpoint 65 saved !
2022-05-17 03:27:24,873 - INFO - Validation cross entropy: 0.6824071073851593
2022-05-17 03:30:54,146 - INFO - Validation cross entropy: 0.6546813334701848
2022-05-17 03:34:23,790 - INFO - Validation cross entropy: 0.6541732686198936
2022-05-17 03:37:53,550 - INFO - Validation cross entropy: 0.6496702028528929
2022-05-17 03:41:22,981 - INFO - Validation cross entropy: 0.6574275457679327
2022-05-17 03:44:52,544 - INFO - Validation cross entropy: 0.6545869484419
2022-05-17 03:48:22,487 - INFO - Validation cross entropy: 0.6526963048843882
2022-05-17 03:51:51,948 - INFO - Validation cross entropy: 0.6547526704456339
2022-05-17 03:55:21,505 - INFO - Validation cross entropy: 0.6490584390746489
2022-05-17 03:55:21,891 - INFO - Checkpoint 66 saved !
2022-05-17 03:59:21,133 - INFO - Validation cross entropy: 0.6801419332498682
2022-05-17 04:02:50,816 - INFO - Validation cross entropy: 0.6554511877859458
2022-05-17 04:06:20,526 - INFO - Validation cross entropy: 0.6537807285036873
2022-05-17 04:09:50,003 - INFO - Validation cross entropy: 0.6513537547895857
2022-05-17 04:13:19,696 - INFO - Validation cross entropy: 0.6521353907071965
2022-05-17 04:16:49,309 - INFO - Validation cross entropy: 0.6525792997436507
2022-05-17 04:20:19,005 - INFO - Validation cross entropy: 0.6514509446806644
2022-05-17 04:23:48,735 - INFO - Validation cross entropy: 0.6527063261024916
2022-05-17 04:27:18,220 - INFO - Validation cross entropy: 0.6567598863862067
2022-05-17 04:27:18,623 - INFO - Checkpoint 67 saved !
2022-05-17 04:31:17,708 - INFO - Validation cross entropy: 0.6835493622862514
2022-05-17 04:34:46,690 - INFO - Validation cross entropy: 0.6549426763251399
2022-05-17 04:38:16,165 - INFO - Validation cross entropy: 0.6489296766182087
2022-05-17 04:41:45,179 - INFO - Validation cross entropy: 0.6536462193907205
2022-05-17 04:45:14,330 - INFO - Validation cross entropy: 0.6541640445515139
2022-05-17 04:48:43,611 - INFO - Validation cross entropy: 0.6519910368438142
2022-05-17 04:52:12,609 - INFO - Validation cross entropy: 0.6515443004305838
2022-05-17 04:55:41,958 - INFO - Validation cross entropy: 0.6616919283042202
2022-05-17 04:59:10,891 - INFO - Validation cross entropy: 0.6535379060948114
2022-05-17 04:59:11,264 - INFO - Checkpoint 68 saved !
2022-05-17 05:03:10,165 - INFO - Validation cross entropy: 0.705910612265868
2022-05-17 05:06:39,670 - INFO - Validation cross entropy: 0.6590878045688722
2022-05-17 05:10:08,894 - INFO - Validation cross entropy: 0.6547685180926442
2022-05-17 05:13:38,287 - INFO - Validation cross entropy: 0.6625072059769127
2022-05-17 05:17:07,410 - INFO - Validation cross entropy: 0.6596692158798476
2022-05-17 05:20:36,733 - INFO - Validation cross entropy: 0.6584752549977358
2022-05-17 05:24:05,999 - INFO - Validation cross entropy: 0.6587632950925747
2022-05-17 05:27:35,353 - INFO - Validation cross entropy: 0.6518271583408567
2022-05-17 05:31:04,951 - INFO - Validation cross entropy: 0.6549995627185607
2022-05-17 05:31:05,388 - INFO - Checkpoint 69 saved !
2022-05-17 05:35:04,523 - INFO - Validation cross entropy: 0.6831044751146131
2022-05-17 05:38:33,978 - INFO - Validation cross entropy: 0.6589420608040476
2022-05-17 05:42:03,637 - INFO - Validation cross entropy: 0.6506077518914413
2022-05-17 05:45:33,170 - INFO - Validation cross entropy: 0.6565882547616559
2022-05-17 05:49:02,758 - INFO - Validation cross entropy: 0.6593133465229367
2022-05-17 05:52:32,407 - INFO - Validation cross entropy: 0.653497026868202
2022-05-17 05:56:02,110 - INFO - Validation cross entropy: 0.6489481305956242
2022-05-17 05:59:31,651 - INFO - Validation cross entropy: 0.6515888921679365
2022-05-17 06:03:01,294 - INFO - Validation cross entropy: 0.6529781971145515
2022-05-17 06:03:01,654 - INFO - Checkpoint 70 saved !
2022-05-17 06:07:01,128 - INFO - Validation cross entropy: 0.6918900958457385
2022-05-17 06:10:30,601 - INFO - Validation cross entropy: 0.6546210454936003
2022-05-17 06:14:00,349 - INFO - Validation cross entropy: 0.6535749366285414
2022-05-17 06:17:30,076 - INFO - Validation cross entropy: 0.651276203405917
2022-05-17 06:20:59,605 - INFO - Validation cross entropy: 0.6585630563585403
2022-05-17 06:24:29,428 - INFO - Validation cross entropy: 0.6543049664553287
2022-05-17 06:27:59,218 - INFO - Validation cross entropy: 0.6490061088423034
2022-05-17 06:31:28,942 - INFO - Validation cross entropy: 0.6561056792087092
2022-05-17 06:34:58,533 - INFO - Validation cross entropy: 0.6552756575483772
2022-05-17 06:34:58,904 - INFO - Checkpoint 71 saved !
2022-05-17 06:38:58,386 - INFO - Validation cross entropy: 0.6813358899137283
2022-05-17 06:42:28,242 - INFO - Validation cross entropy: 0.6483113653645843
2022-05-17 06:45:57,935 - INFO - Validation cross entropy: 0.6509616743879302
2022-05-17 06:49:27,869 - INFO - Validation cross entropy: 0.6526319435743032
2022-05-17 06:52:57,861 - INFO - Validation cross entropy: 0.6500790813809862
2022-05-17 06:56:27,364 - INFO - Validation cross entropy: 0.6541513301669253
2022-05-17 06:59:57,173 - INFO - Validation cross entropy: 0.6559501878630176
2022-05-17 07:03:26,880 - INFO - Validation cross entropy: 0.6497051018466502
2022-05-17 07:06:56,594 - INFO - Validation cross entropy: 0.6466357575189727
2022-05-17 07:06:57,005 - INFO - Checkpoint 72 saved !
2022-05-17 07:10:56,468 - INFO - Validation cross entropy: 0.6812527252102217
2022-05-17 07:14:26,099 - INFO - Validation cross entropy: 0.6524326597126684
2022-05-17 07:17:55,957 - INFO - Validation cross entropy: 0.651271510288943
2022-05-17 07:21:25,818 - INFO - Validation cross entropy: 0.6507613095057071
2022-05-17 07:24:55,709 - INFO - Validation cross entropy: 0.6575881730222223
2022-05-17 07:28:25,489 - INFO - Validation cross entropy: 0.6515487508108867
2022-05-17 07:31:55,279 - INFO - Validation cross entropy: 0.6505999109353652
2022-05-17 07:35:25,481 - INFO - Validation cross entropy: 0.651505811779543
2022-05-17 07:38:55,360 - INFO - Validation cross entropy: 0.6469910990952248
2022-05-17 07:38:55,768 - INFO - Checkpoint 73 saved !
2022-05-17 07:42:55,573 - INFO - Validation cross entropy: 0.6802582995875597
2022-05-17 07:46:25,195 - INFO - Validation cross entropy: 0.6559132513289077
2022-05-17 07:49:55,069 - INFO - Validation cross entropy: 0.653284129460453
2022-05-17 07:53:25,102 - INFO - Validation cross entropy: 0.6512444833015877
2022-05-17 07:56:54,942 - INFO - Validation cross entropy: 0.6502025560468085
2022-05-17 08:00:24,884 - INFO - Validation cross entropy: 0.6515798467387706
2022-05-17 08:03:54,452 - INFO - Validation cross entropy: 0.6556756321459359
2022-05-17 08:07:24,571 - INFO - Validation cross entropy: 0.6489285942248164
2022-05-17 08:10:54,404 - INFO - Validation cross entropy: 0.6551257253092537
2022-05-17 08:10:54,842 - INFO - Checkpoint 74 saved !
2022-05-17 08:14:54,130 - INFO - Validation cross entropy: 0.6815949792738136
2022-05-17 08:18:23,857 - INFO - Validation cross entropy: 0.6471422643118367
2022-05-17 08:21:53,577 - INFO - Validation cross entropy: 0.6464979478362417
2022-05-17 08:25:23,321 - INFO - Validation cross entropy: 0.6563945115361381
2022-05-17 08:28:53,158 - INFO - Validation cross entropy: 0.6548288127585272
2022-05-17 08:32:22,998 - INFO - Validation cross entropy: 0.648946348621418
2022-05-17 08:35:52,978 - INFO - Validation cross entropy: 0.6585666843794499
2022-05-17 08:39:22,546 - INFO - Validation cross entropy: 0.6517228987348739
2022-05-17 08:42:52,480 - INFO - Validation cross entropy: 0.6603701952564057
2022-05-17 08:42:52,896 - INFO - Checkpoint 75 saved !
2022-05-17 08:46:53,098 - INFO - Validation cross entropy: 0.6829381001554742
2022-05-17 08:50:22,974 - INFO - Validation cross entropy: 0.6565855854070766
2022-05-17 08:53:52,887 - INFO - Validation cross entropy: 0.654725390413099
2022-05-17 08:57:22,501 - INFO - Validation cross entropy: 0.6529679212538242
2022-05-17 09:00:52,212 - INFO - Validation cross entropy: 0.651722371752937
2022-05-17 09:04:21,914 - INFO - Validation cross entropy: 0.6492119531585543
2022-05-17 09:07:51,977 - INFO - Validation cross entropy: 0.6540353567756001
2022-05-17 09:11:21,901 - INFO - Validation cross entropy: 0.6510880950906968
2022-05-17 09:14:51,551 - INFO - Validation cross entropy: 0.6567847836057544
2022-05-17 09:14:51,952 - INFO - Checkpoint 76 saved !
2022-05-17 09:18:51,137 - INFO - Validation cross entropy: 0.6829730319717222
2022-05-17 09:22:20,795 - INFO - Validation cross entropy: 0.6562779901964181
2022-05-17 09:25:50,220 - INFO - Validation cross entropy: 0.6480249881594624
2022-05-17 09:29:19,488 - INFO - Validation cross entropy: 0.6535268375522127
2022-05-17 09:32:48,948 - INFO - Validation cross entropy: 0.6532507628901321
2022-05-17 09:36:18,138 - INFO - Validation cross entropy: 0.6493390225485541
2022-05-17 09:39:47,746 - INFO - Validation cross entropy: 0.6460553533467815
2022-05-17 09:43:17,233 - INFO - Validation cross entropy: 0.6512709750951434
2022-05-17 09:46:46,737 - INFO - Validation cross entropy: 0.6497661444659608
2022-05-17 09:46:47,141 - INFO - Checkpoint 77 saved !
2022-05-17 09:50:46,565 - INFO - Validation cross entropy: 0.6876438413333253
2022-05-17 09:54:15,779 - INFO - Validation cross entropy: 0.6553123072663344
2022-05-17 09:57:45,314 - INFO - Validation cross entropy: 0.664150144936052
2022-05-17 10:01:14,776 - INFO - Validation cross entropy: 0.6494678586122379
2022-05-17 10:04:44,163 - INFO - Validation cross entropy: 0.6536781371787964
2022-05-17 10:08:13,877 - INFO - Validation cross entropy: 0.6559979968035041
2022-05-17 10:11:43,496 - INFO - Validation cross entropy: 0.6545865853976964
2022-05-17 10:15:12,875 - INFO - Validation cross entropy: 0.6540589115677566
2022-05-17 10:18:42,158 - INFO - Validation cross entropy: 0.6502196999201223
2022-05-17 10:18:42,509 - INFO - Checkpoint 78 saved !
2022-05-17 10:22:41,945 - INFO - Validation cross entropy: 0.6736666584883503
2022-05-17 10:26:11,747 - INFO - Validation cross entropy: 0.6543118336691929
2022-05-17 10:29:41,394 - INFO - Validation cross entropy: 0.6534468601496775
2022-05-17 10:33:11,267 - INFO - Validation cross entropy: 0.6535045187826731
2022-05-17 10:36:40,987 - INFO - Validation cross entropy: 0.6490232516173742
2022-05-17 10:40:10,789 - INFO - Validation cross entropy: 0.6504001078793351
2022-05-17 10:43:40,756 - INFO - Validation cross entropy: 0.6537656161054295
2022-05-17 10:47:10,533 - INFO - Validation cross entropy: 0.6556937718760828
2022-05-17 10:50:39,983 - INFO - Validation cross entropy: 0.6562271713461708
2022-05-17 10:50:40,391 - INFO - Checkpoint 79 saved !
2022-05-17 10:54:39,801 - INFO - Validation cross entropy: 0.6938546855795124
2022-05-17 10:58:09,267 - INFO - Validation cross entropy: 0.6611775583408186
2022-05-17 11:01:38,640 - INFO - Validation cross entropy: 0.6542961804860801
2022-05-17 11:05:07,898 - INFO - Validation cross entropy: 0.650922008869636
2022-05-17 11:08:37,067 - INFO - Validation cross entropy: 0.6565850300205812
2022-05-17 11:12:06,662 - INFO - Validation cross entropy: 0.6532880655884543
2022-05-17 11:15:36,105 - INFO - Validation cross entropy: 0.6514197571742875
2022-05-17 11:19:05,852 - INFO - Validation cross entropy: 0.6502803980655207
2022-05-17 11:22:35,091 - INFO - Validation cross entropy: 0.656308122815399
2022-05-17 11:22:35,456 - INFO - Checkpoint 80 saved !
2022-05-17 11:26:34,986 - INFO - Validation cross entropy: 0.6990376707397314
2022-05-17 11:30:05,160 - INFO - Validation cross entropy: 0.6500741516175981
2022-05-17 11:33:34,904 - INFO - Validation cross entropy: 0.6567842490359567
2022-05-17 11:37:04,821 - INFO - Validation cross entropy: 0.6490808946752867
2022-05-17 11:40:34,570 - INFO - Validation cross entropy: 0.6486538174613636
2022-05-17 11:44:04,237 - INFO - Validation cross entropy: 0.6537446534413988
2022-05-17 11:47:33,851 - INFO - Validation cross entropy: 0.6505647008143478
2022-05-17 11:51:03,328 - INFO - Validation cross entropy: 0.6567091394708784
2022-05-17 11:54:32,750 - INFO - Validation cross entropy: 0.6546132575776709
2022-05-17 11:54:33,035 - INFO - Checkpoint 81 saved !
2022-05-17 11:58:32,606 - INFO - Validation cross entropy: 0.680933292537079
2022-05-17 12:02:01,915 - INFO - Validation cross entropy: 0.652776668444151
2022-05-17 12:05:31,467 - INFO - Validation cross entropy: 0.6618862400701897
2022-05-17 12:09:01,142 - INFO - Validation cross entropy: 0.6510795221805972
2022-05-17 12:12:30,709 - INFO - Validation cross entropy: 0.6567805470583626
2022-05-17 12:16:00,484 - INFO - Validation cross entropy: 0.6487876029320099
2022-05-17 12:19:30,271 - INFO - Validation cross entropy: 0.6495060699569121
2022-05-17 12:22:59,806 - INFO - Validation cross entropy: 0.6506821363914752
2022-05-17 12:26:29,590 - INFO - Validation cross entropy: 0.6548422258752874
2022-05-17 12:26:29,994 - INFO - Checkpoint 82 saved !
2022-05-17 12:30:29,434 - INFO - Validation cross entropy: 0.7074622926450455
2022-05-17 12:33:59,379 - INFO - Validation cross entropy: 0.65301344744624
2022-05-17 12:37:29,245 - INFO - Validation cross entropy: 0.6572809069849538
2022-05-17 12:40:58,942 - INFO - Validation cross entropy: 0.6520388324306639
2022-05-17 12:44:28,784 - INFO - Validation cross entropy: 0.6518789016371795
2022-05-17 12:47:58,707 - INFO - Validation cross entropy: 0.6513229633246235
2022-05-17 12:51:28,431 - INFO - Validation cross entropy: 0.6520312617172548
2022-05-17 12:54:57,985 - INFO - Validation cross entropy: 0.647367164842048
2022-05-17 12:58:27,594 - INFO - Validation cross entropy: 0.6517322684702163
2022-05-17 12:58:28,030 - INFO - Checkpoint 83 saved !
2022-05-17 13:02:27,159 - INFO - Validation cross entropy: 0.6755407895374937
2022-05-17 13:05:56,399 - INFO - Validation cross entropy: 0.6501898684693341
2022-05-17 13:09:25,812 - INFO - Validation cross entropy: 0.6474772479566098
2022-05-17 13:12:55,093 - INFO - Validation cross entropy: 0.6486900561369044
2022-05-17 13:16:24,513 - INFO - Validation cross entropy: 0.6478717795868015
2022-05-17 13:19:53,989 - INFO - Validation cross entropy: 0.6497537284290771
2022-05-17 13:23:23,243 - INFO - Validation cross entropy: 0.652787560519062
2022-05-17 13:26:52,738 - INFO - Validation cross entropy: 0.6492647051911059
2022-05-17 13:30:21,983 - INFO - Validation cross entropy: 0.6492527737789218
2022-05-17 13:30:22,409 - INFO - Checkpoint 84 saved !
2022-05-17 13:34:21,974 - INFO - Validation cross entropy: 0.6985295735911109
2022-05-17 13:37:51,952 - INFO - Validation cross entropy: 0.6502523596462493
2022-05-17 13:41:21,409 - INFO - Validation cross entropy: 0.6462237895583388
2022-05-17 13:44:51,092 - INFO - Validation cross entropy: 0.6457479388719827
2022-05-17 13:48:20,648 - INFO - Validation cross entropy: 0.6488817285253374
2022-05-17 13:51:50,615 - INFO - Validation cross entropy: 0.6481910588054401
2022-05-17 13:55:20,594 - INFO - Validation cross entropy: 0.6496976011961548
2022-05-17 13:58:50,276 - INFO - Validation cross entropy: 0.6479045924928719
2022-05-17 14:02:19,869 - INFO - Validation cross entropy: 0.6502027642637042
2022-05-17 14:02:20,304 - INFO - Checkpoint 85 saved !
2022-05-17 14:06:19,921 - INFO - Validation cross entropy: 0.6793420173265227
2022-05-17 14:09:49,704 - INFO - Validation cross entropy: 0.650590616878952
2022-05-17 14:13:19,272 - INFO - Validation cross entropy: 0.6554248110083879
2022-05-17 14:16:48,830 - INFO - Validation cross entropy: 0.6529597776818715
2022-05-17 14:20:18,662 - INFO - Validation cross entropy: 0.6486347316447614
2022-05-17 14:23:48,297 - INFO - Validation cross entropy: 0.6476157928880935
2022-05-17 14:27:17,930 - INFO - Validation cross entropy: 0.65173540607569
2022-05-17 14:30:47,422 - INFO - Validation cross entropy: 0.6524346264163453
2022-05-17 14:34:16,776 - INFO - Validation cross entropy: 0.6499987709861704
2022-05-17 14:34:17,183 - INFO - Checkpoint 86 saved !
2022-05-17 14:38:16,286 - INFO - Validation cross entropy: 0.6884818223353407
2022-05-17 14:41:45,813 - INFO - Validation cross entropy: 0.6479911448268635
2022-05-17 14:45:14,841 - INFO - Validation cross entropy: 0.6473807561737009
2022-05-17 14:48:44,108 - INFO - Validation cross entropy: 0.6521136317420845
2022-05-17 14:52:13,651 - INFO - Validation cross entropy: 0.6584855905379882
2022-05-17 14:55:42,896 - INFO - Validation cross entropy: 0.6475739107908716
2022-05-17 14:59:12,224 - INFO - Validation cross entropy: 0.6498203604564795
2022-05-17 15:02:41,347 - INFO - Validation cross entropy: 0.649861010349975
2022-05-17 15:06:10,532 - INFO - Validation cross entropy: 0.6524603651396593
2022-05-17 15:06:10,930 - INFO - Checkpoint 87 saved !
2022-05-17 15:10:10,062 - INFO - Validation cross entropy: 0.6913693297897751
2022-05-17 15:13:39,303 - INFO - Validation cross entropy: 0.6511298250812582
2022-05-17 15:17:08,821 - INFO - Validation cross entropy: 0.6585173283140464
2022-05-17 15:20:38,152 - INFO - Validation cross entropy: 0.6512734378801918
2022-05-17 15:24:07,311 - INFO - Validation cross entropy: 0.6456004562639511
2022-05-17 15:27:36,841 - INFO - Validation cross entropy: 0.6497946685332948
2022-05-17 15:31:06,240 - INFO - Validation cross entropy: 0.6452329970734003
2022-05-17 15:34:35,481 - INFO - Validation cross entropy: 0.6480961862820477
2022-05-17 15:38:04,941 - INFO - Validation cross entropy: 0.6469170782633962
2022-05-17 15:38:05,346 - INFO - Checkpoint 88 saved !
2022-05-17 15:42:04,943 - INFO - Validation cross entropy: 0.6929070234198865
2022-05-17 15:45:34,603 - INFO - Validation cross entropy: 0.6537093427562634
2022-05-17 15:49:04,190 - INFO - Validation cross entropy: 0.6495697520036793
2022-05-17 15:52:33,720 - INFO - Validation cross entropy: 0.6466681308283079
2022-05-17 15:56:03,654 - INFO - Validation cross entropy: 0.6469244154004795
2022-05-17 15:59:34,007 - INFO - Validation cross entropy: 0.6547508741942683
2022-05-17 16:03:03,597 - INFO - Validation cross entropy: 0.6501780149325653
2022-05-17 16:06:33,296 - INFO - Validation cross entropy: 0.6469543068802337
2022-05-17 16:10:03,200 - INFO - Validation cross entropy: 0.6486004279236898
2022-05-17 16:10:03,604 - INFO - Checkpoint 89 saved !
2022-05-17 16:14:02,792 - INFO - Validation cross entropy: 0.6787480995982536
2022-05-17 16:17:32,037 - INFO - Validation cross entropy: 0.6490160037624576
2022-05-17 16:21:01,400 - INFO - Validation cross entropy: 0.6477102434864795
2022-05-17 16:24:30,537 - INFO - Validation cross entropy: 0.6526916262442543
2022-05-17 16:27:59,805 - INFO - Validation cross entropy: 0.649188252674475
2022-05-17 16:31:29,201 - INFO - Validation cross entropy: 0.6471343519949234
2022-05-17 16:34:58,449 - INFO - Validation cross entropy: 0.6440706819645324
2022-05-17 16:38:28,103 - INFO - Validation cross entropy: 0.6463164261088299
2022-05-17 16:41:57,488 - INFO - Validation cross entropy: 0.6448533709224944
2022-05-17 16:41:57,896 - INFO - Checkpoint 90 saved !
2022-05-17 16:45:57,128 - INFO - Validation cross entropy: 0.683764081579357
2022-05-17 16:49:26,681 - INFO - Validation cross entropy: 0.6479531597452147
2022-05-17 16:52:55,919 - INFO - Validation cross entropy: 0.6473110923964773
2022-05-17 16:56:25,230 - INFO - Validation cross entropy: 0.6453205180827097
2022-05-17 16:59:54,764 - INFO - Validation cross entropy: 0.6492859173060661
2022-05-17 17:03:24,168 - INFO - Validation cross entropy: 0.6466256903993025
2022-05-17 17:06:53,578 - INFO - Validation cross entropy: 0.6509523624101875
2022-05-17 17:10:23,138 - INFO - Validation cross entropy: 0.6477454120739421
2022-05-17 17:13:52,540 - INFO - Validation cross entropy: 0.6447099985888656
2022-05-17 17:13:52,941 - INFO - Checkpoint 91 saved !
2022-05-17 17:17:52,074 - INFO - Validation cross entropy: 0.6795569871438408
2022-05-17 17:21:21,639 - INFO - Validation cross entropy: 0.6461310700156182
2022-05-17 17:24:51,410 - INFO - Validation cross entropy: 0.6494708094914355
2022-05-17 17:28:20,902 - INFO - Validation cross entropy: 0.6491135442426655
2022-05-17 17:31:50,570 - INFO - Validation cross entropy: 0.6500316595462099
2022-05-17 17:35:19,783 - INFO - Validation cross entropy: 0.6472033468173377
2022-05-17 17:38:49,567 - INFO - Validation cross entropy: 0.6454579000746585
2022-05-17 17:42:19,076 - INFO - Validation cross entropy: 0.6446286076976226
2022-05-17 17:45:48,170 - INFO - Validation cross entropy: 0.6492491880902893
2022-05-17 17:45:48,595 - INFO - Checkpoint 92 saved !
2022-05-17 17:49:47,573 - INFO - Validation cross entropy: 0.6786724029973125
2022-05-17 17:53:16,977 - INFO - Validation cross entropy: 0.6470267825340306
2022-05-17 17:56:45,951 - INFO - Validation cross entropy: 0.6479481314644342
2022-05-17 18:00:15,243 - INFO - Validation cross entropy: 0.644652727435981
2022-05-17 18:03:44,202 - INFO - Validation cross entropy: 0.6453061857115683
2022-05-17 18:07:13,629 - INFO - Validation cross entropy: 0.6479777228492788
2022-05-17 18:10:42,746 - INFO - Validation cross entropy: 0.6450197040984779
2022-05-17 18:14:11,977 - INFO - Validation cross entropy: 0.6545601962149842
2022-05-17 18:17:41,188 - INFO - Validation cross entropy: 0.6462288080547722
2022-05-17 18:17:41,552 - INFO - Checkpoint 93 saved !
2022-05-17 18:21:40,722 - INFO - Validation cross entropy: 0.702248567262886
2022-05-17 18:25:09,849 - INFO - Validation cross entropy: 0.6490382698163315
2022-05-17 18:28:39,214 - INFO - Validation cross entropy: 0.649408514949944
2022-05-17 18:32:08,406 - INFO - Validation cross entropy: 0.6448025568645803
2022-05-17 18:35:37,223 - INFO - Validation cross entropy: 0.6470340970572914
2022-05-17 18:39:06,342 - INFO - Validation cross entropy: 0.6429074481004846
2022-05-17 18:42:35,490 - INFO - Validation cross entropy: 0.646030219231219
2022-05-17 18:46:04,902 - INFO - Validation cross entropy: 0.6530273464357034
2022-05-17 18:49:34,327 - INFO - Validation cross entropy: 0.6493061358605198
2022-05-17 18:49:34,689 - INFO - Checkpoint 94 saved !
2022-05-17 18:53:33,596 - INFO - Validation cross entropy: 0.6849466571506344
2022-05-17 18:57:02,730 - INFO - Validation cross entropy: 0.6452740200200872
2022-05-17 19:00:32,035 - INFO - Validation cross entropy: 0.6453057038574362
2022-05-17 19:04:01,205 - INFO - Validation cross entropy: 0.6497712056191522
2022-05-17 19:07:30,623 - INFO - Validation cross entropy: 0.6473768881617279
2022-05-17 19:10:59,889 - INFO - Validation cross entropy: 0.6505335755334228
2022-05-17 19:14:28,954 - INFO - Validation cross entropy: 0.6499604299739378
2022-05-17 19:17:58,193 - INFO - Validation cross entropy: 0.6494418018477247
2022-05-17 19:21:27,684 - INFO - Validation cross entropy: 0.6532422427456184
2022-05-17 19:21:28,113 - INFO - Checkpoint 95 saved !
2022-05-17 19:25:27,037 - INFO - Validation cross entropy: 0.6940498160856653
2022-05-17 19:28:56,102 - INFO - Validation cross entropy: 0.6453324533886646
2022-05-17 19:32:25,307 - INFO - Validation cross entropy: 0.6497259818928526
2022-05-17 19:35:54,469 - INFO - Validation cross entropy: 0.649526130164688
2022-05-17 19:39:23,550 - INFO - Validation cross entropy: 0.643455781828818
2022-05-17 19:42:52,741 - INFO - Validation cross entropy: 0.6451364564685965
2022-05-17 19:46:21,953 - INFO - Validation cross entropy: 0.6492696841008699
2022-05-17 19:49:51,232 - INFO - Validation cross entropy: 0.6438247179815318
2022-05-17 19:53:20,340 - INFO - Validation cross entropy: 0.6453362349639187
2022-05-17 19:53:20,761 - INFO - Checkpoint 96 saved !
2022-05-17 19:57:19,837 - INFO - Validation cross entropy: 0.680433332021512
2022-05-17 20:00:48,955 - INFO - Validation cross entropy: 0.6466667293204335
2022-05-17 20:04:18,131 - INFO - Validation cross entropy: 0.6498630143190349
2022-05-17 20:07:47,103 - INFO - Validation cross entropy: 0.6449230459816692
2022-05-17 20:11:16,199 - INFO - Validation cross entropy: 0.6454862964712396
2022-05-17 20:14:45,453 - INFO - Validation cross entropy: 0.6481203387680166
2022-05-17 20:18:14,620 - INFO - Validation cross entropy: 0.6462324620091935
2022-05-17 20:21:43,945 - INFO - Validation cross entropy: 0.658008832603044
2022-05-17 20:25:13,275 - INFO - Validation cross entropy: 0.6473953952292102
2022-05-17 20:25:13,680 - INFO - Checkpoint 97 saved !
2022-05-17 20:29:12,465 - INFO - Validation cross entropy: 0.6750691853076769
2022-05-17 20:32:41,610 - INFO - Validation cross entropy: 0.6455244770151886
2022-05-17 20:36:10,734 - INFO - Validation cross entropy: 0.644312526862226
2022-05-17 20:39:40,111 - INFO - Validation cross entropy: 0.6428397341788913
2022-05-17 20:43:09,486 - INFO - Validation cross entropy: 0.6437072056521922
2022-05-17 20:46:38,593 - INFO - Validation cross entropy: 0.6455353508942091
2022-05-17 20:50:07,495 - INFO - Validation cross entropy: 0.6436889135158641
2022-05-17 20:53:36,549 - INFO - Validation cross entropy: 0.6429508892535365
2022-05-17 20:57:05,739 - INFO - Validation cross entropy: 0.6486349057412427
2022-05-17 20:57:06,158 - INFO - Checkpoint 98 saved !
2022-05-17 21:01:05,030 - INFO - Validation cross entropy: 0.7029266168474153
2022-05-17 21:04:34,297 - INFO - Validation cross entropy: 0.6472381199873871
2022-05-17 21:08:03,458 - INFO - Validation cross entropy: 0.6537338034242042
2022-05-17 21:11:32,657 - INFO - Validation cross entropy: 0.6440306286915662
2022-05-17 21:15:01,733 - INFO - Validation cross entropy: 0.6478893135610337
2022-05-17 21:18:30,774 - INFO - Validation cross entropy: 0.6451195401562319
2022-05-17 21:22:00,199 - INFO - Validation cross entropy: 0.6456266030594332
2022-05-17 21:25:29,425 - INFO - Validation cross entropy: 0.6420825401592494
2022-05-17 21:28:58,492 - INFO - Validation cross entropy: 0.6511493747557827
2022-05-17 21:28:58,888 - INFO - Checkpoint 99 saved !
2022-05-17 21:32:57,858 - INFO - Validation cross entropy: 0.67672788635071
2022-05-17 21:36:26,921 - INFO - Validation cross entropy: 0.644462890136781
2022-05-17 21:39:56,219 - INFO - Validation cross entropy: 0.6443776272399542
2022-05-17 21:43:25,450 - INFO - Validation cross entropy: 0.6492512954938752
2022-05-17 21:46:54,442 - INFO - Validation cross entropy: 0.6449023153714
2022-05-17 21:50:23,480 - INFO - Validation cross entropy: 0.645467211952561
2022-05-17 21:53:52,467 - INFO - Validation cross entropy: 0.645298435110942
2022-05-17 21:57:21,375 - INFO - Validation cross entropy: 0.6492366221182709
2022-05-17 22:00:50,414 - INFO - Validation cross entropy: 0.6434842265980127
2022-05-17 22:00:50,794 - INFO - Checkpoint 100 saved !
